<?xml version="1.0" encoding="UTF-8"?>
<!-- Generated by org.testng.reporters.JUnitReportReporter -->
<testsuite hostname="RAYAN" failures="0" tests="2" name="testRunner.runnerClass" time="25.184" errors="0" timestamp="2023-09-11T23:55:25 EDT" skipped="0">
  <testcase classname="testRunner.runnerClass" name="feature" time="13.850"/>
  <testcase classname="testRunner.runnerClass" name="feature" time="11.334"/>
</testsuite> <!-- testRunner.runnerClass -->
